<?xml version="1.0" encoding="UTF-8"?>
<testng-results ignored="0" total="1" passed="1" failed="0" skipped="0">
  <reporter-output>
  </reporter-output>
  <suite started-at="2026-09-10T09:41:33 IST" name="Default suite" finished-at="2026-09-10T09:41:39 IST" duration-ms="5936">
    <groups>
    </groups>
    <test started-at="2026-09-10T09:41:33 IST" name="Default test" finished-at="2026-09-10T09:41:39 IST" duration-ms="5936">
      <class name="com.stc.practiceautoamtiondocker.Exercise">
        <test-method is-config="true" signature="setup()[pri:0, instance:com.stc.practiceautoamtiondocker.Exercise@4d5d943d]" started-at="2026-09-10T09:41:33 IST" name="setup" finished-at="2026-09-10T09:41:37 IST" duration-ms="3487" status="PASS">
          <reporter-output>
          </reporter-output>
        </test-method> <!-- setup -->
        <test-method signature="loginTest()[pri:0, instance:com.stc.practiceautoamtiondocker.Exercise@4d5d943d]" started-at="2026-09-10T09:41:37 IST" name="loginTest" finished-at="2026-09-10T09:41:39 IST" duration-ms="2137" status="PASS">
          <reporter-output>
          </reporter-output>
        </test-method> <!-- loginTest -->
        <test-method is-config="true" signature="tearDown()[pri:0, instance:com.stc.practiceautoamtiondocker.Exercise@4d5d943d]" started-at="2026-09-10T09:41:39 IST" name="tearDown" finished-at="2026-09-10T09:41:39 IST" duration-ms="244" status="PASS">
          <reporter-output>
          </reporter-output>
        </test-method> <!-- tearDown -->
      </class> <!-- com.stc.practiceautoamtiondocker.Exercise -->
    </test> <!-- Default test -->
  </suite> <!-- Default suite -->
</testng-results>
